Removed Pin From Net: NetName=GND Pin=SW1-1
Removed Pin From Net: NetName=IO0 Pin=SW1-2
Removed Pin From Net: NetName=GND Pin=SW2-1
Removed Pin From Net: NetName=EN Pin=SW2-2
Removed Member From Class: ClassName=final_sch Member=SW1
Removed Member From Class: ClassName=final_sch Member=SW2
Change Footprint: Footprint Not Found L fiter
Add Component: Footprint Not Found L2x220
Added Component: Designator=S2(SW-SMD)
Add component (AddParameter): Name = "LatestRevisionDate"; Value = "17-Jul-2002"; VariantName = "[No Variations]"
Add component (AddParameter): Name = "LatestRevisionNote"; Value = "Re-released for DXP Platform."; VariantName = "[No Variations]"
Add component (AddParameter): Name = "PackageReference"; Value = "SPST-2"; VariantName = "[No Variations]"
Add component (AddParameter): Name = "Published"; Value = "24-Mar-1999"; VariantName = "[No Variations]"
Add component (AddParameter): Name = "Publisher"; Value = "Altium Limited"; VariantName = "[No Variations]"
Added Component: Designator=S3(SW-SMD)
Add component (AddParameter): Name = "LatestRevisionDate"; Value = "17-Jul-2002"; VariantName = "[No Variations]"
Add component (AddParameter): Name = "LatestRevisionNote"; Value = "Re-released for DXP Platform."; VariantName = "[No Variations]"
Add component (AddParameter): Name = "PackageReference"; Value = "SPST-2"; VariantName = "[No Variations]"
Add component (AddParameter): Name = "Published"; Value = "24-Mar-1999"; VariantName = "[No Variations]"
Add component (AddParameter): Name = "Publisher"; Value = "Altium Limited"; VariantName = "[No Variations]"
Add Pin To Net: Unknown Pin: Pin L1-3
Add Pin To Net: Unknown Pin: Pin L1-4
Added Pin To Net: NetName=GND Pin=S2-1
Added Pin To Net: NetName=IO0 Pin=S2-2
Added Pin To Net: NetName=GND Pin=S3-1
Added Pin To Net: NetName=EN Pin=S3-2
Add Class Member: Failed to add class member : Component L10 L
Added Member To Class: ClassName=final_sch Member=Component S2 SW-SMD
Added Member To Class: ClassName=final_sch Member=Component S3 SW-SMD
