Removed Pin From Net: NetName=AC_IN2 Pin=C?-1
Removed Pin From Net: NetName=NetD?_2 Pin=D?-2
Removed Pin From Net: NetName=NetL?_2 Pin=L?-2
Removed Pin From Net: NetName=NetL?_2 Pin=R?-1
Removed Pin From Net: NetName=5V_REG Pin=R?-2
Removed Member From Class: ClassName=final_sch Member=C4
Removed Member From Class: ClassName=final_sch Member=C5
Removed Member From Class: ClassName=final_sch Member=C6
Removed Member From Class: ClassName=final_sch Member=C7
Removed Member From Class: ClassName=final_sch Member=C8
Removed Member From Class: ClassName=final_sch Member=C9
Change Footprint: Footprint Not Found L fiter
Change Component Footprint: Designator=R? Old Footprint=Tro SMD 0805 New Footprint=RES-SMD-0805
Change Component Comment : Designator=R? Old Comment=470R New Comment=0R
Change Component Comment : Designator=L? Old Comment=LED 0805 New Comment=L
Change component parameters: Designator = "L?" ("L?"); Footprint = "LED-0805-Green"; UniqueID = "\SIQWIVBD" ("\SIQWIVBD")
Change component parameters (AddParameter): Name = "Designed by"; Value = "VanDungEvn"; VariantName = "[No Variations]"
Change component parameters (AddParameter): Name = "Value"; Value = "Loc 220"; VariantName = "[No Variations]"
Change component parameters: Designator = "R?" ("R?"); Footprint = "Tro SMD 0805"; UniqueID = "\NBRWTJRQ" ("\NBRWTJRQ")
Change component parameters (AddParameter): Name = "Class"; Value = "Passive"; VariantName = "[No Variations]"
Change component parameters (AddParameter): Name = "Manufacturer"; Value = "Generic Components"; VariantName = "[No Variations]"
Change component parameters (AddParameter): Name = "Published"; Value = "08/06/2000"; VariantName = "[No Variations]"
Change component parameters (AddParameter): Name = "Publisher"; Value = "Altium Hobart Technology Centre"; VariantName = "[No Variations]"
Added Component: Designator=BT?(DE PIN 18650 X2)
Add component (AddParameter): Name = "Ma_Hang"; Value = "MH010812"; VariantName = "[No Variations]"
Add component (AddParameter): Name = "Ten"; Value = "H?p Ð? Pin 18650 Hàn M?ch DP 18650-HM-02"; VariantName = "[No Variations]"
Added Component: Designator=C?(tu 0805)
Add component (AddParameter): Name = "Chung_Loai"; Value = "Dán"; VariantName = "[No Variations]"
Add component (AddParameter): Name = "Don_Vi"; Value = "Con"; VariantName = "[No Variations]"
Add component (AddParameter): Name = "Kieu_Chan"; Value = ""; VariantName = "[No Variations]"
Add component (AddParameter): Name = "Ma_Hang"; Value = "MH004551"; VariantName = "[No Variations]"
Add component (AddParameter): Name = "So_Chan"; Value = "2"; VariantName = "[No Variations]"
Add component (AddParameter): Name = "Ten_Linh_Kien"; Value = "T? 0805 104-100nF 10% 50V"; VariantName = "[No Variations]"
Add Component: Footprint Not Found CAPRR1000W60L1300T600H1200
Added Component: Designator=C?(tu 0805)
Add component (AddParameter): Name = "Chung_Loai"; Value = "Dán"; VariantName = "[No Variations]"
Add component (AddParameter): Name = "Don_Vi"; Value = "Con"; VariantName = "[No Variations]"
Add component (AddParameter): Name = "Kieu_Chan"; Value = ""; VariantName = "[No Variations]"
Add component (AddParameter): Name = "Ma_Hang"; Value = "MH004551"; VariantName = "[No Variations]"
Add component (AddParameter): Name = "So_Chan"; Value = "2"; VariantName = "[No Variations]"
Add component (AddParameter): Name = "Ten_Linh_Kien"; Value = "T? 0805 104-100nF 10% 50V"; VariantName = "[No Variations]"
Added Component: Designator=LED?(LED-3)
Add component (AddParameter): Name = "Value"; Value = "LED 3 ly Single Colour"; VariantName = "[No Variations]"
Added Component: Designator=LED?(LED-3)
Add component (AddParameter): Name = "Value"; Value = "LED 3 ly Single Colour"; VariantName = "[No Variations]"
Add Component: Footprint Not Found Nguon HI-LINK 5M05
Added Component: Designator=R?(RES-SMD-0805)
Add component (AddParameter): Name = "Class"; Value = "Passive"; VariantName = "[No Variations]"
Add component (AddParameter): Name = "Manufacturer"; Value = "Generic Components"; VariantName = "[No Variations]"
Add component (AddParameter): Name = "Published"; Value = "08/06/2000"; VariantName = "[No Variations]"
Add component (AddParameter): Name = "Publisher"; Value = "Altium Hobart Technology Centre"; VariantName = "[No Variations]"
Added Component: Designator=R?(tro smd 0805)
Add component (AddParameter): Name = "Chung_Loai"; Value = "Dán"; VariantName = "[No Variations]"
Add component (AddParameter): Name = "Don_Vi"; Value = "Con"; VariantName = "[No Variations]"
Add component (AddParameter): Name = "Kieu_Chan"; Value = ""; VariantName = "[No Variations]"
Add component (AddParameter): Name = "Ma_Hang"; Value = "MH005468"; VariantName = "[No Variations]"
Add component (AddParameter): Name = "So_Chan"; Value = "2"; VariantName = "[No Variations]"
Add component (AddParameter): Name = "Ten_Linh_Kien"; Value = "Tr? 0805 1% 1k"; VariantName = "[No Variations]"
Added Component: Designator=R?(RES-SMD-0805)
Add component (AddParameter): Name = "Class"; Value = "Passive"; VariantName = "[No Variations]"
Add component (AddParameter): Name = "Manufacturer"; Value = "Generic Components"; VariantName = "[No Variations]"
Add component (AddParameter): Name = "Published"; Value = "08/06/2000"; VariantName = "[No Variations]"
Add component (AddParameter): Name = "Publisher"; Value = "Altium Hobart Technology Centre"; VariantName = "[No Variations]"
Added Pin To Net: NetName=LIPO Pin=BT?-1
Added Pin To Net: NetName=LIPO Pin=BT?-1
Added Pin To Net: NetName=GND Pin=BT?-2
Added Pin To Net: NetName=GND Pin=BT?-2
Added Pin To Net: NetName=5V_REG Pin=C?-1
Added Pin To Net: NetName=AC_IN2 Pin=C?-1
Added Pin To Net: NetName=LIPO Pin=C?-1
Added Pin To Net: NetName=NetD?_2 Pin=C?-1
Added Pin To Net: NetName=GND Pin=C?-2
Added Pin To Net: NetName=GND Pin=C?-2
Added Pin To Net: NetName=5V_REG Pin=D?-1
Added Pin To Net: NetName=NetL?_2 Pin=L?-2
Add Pin To Net: Unknown Pin: Pin L?-3
Add Pin To Net: Unknown Pin: Pin L?-4
Added Pin To Net: NetName=NetD?_2 Pin=LED?-1
Added Pin To Net: NetName=NetD?_2 Pin=LED?-1
Add Pin To Net: Unknown Pin: Pin PS-1
Add Pin To Net: Unknown Pin: Pin PS-2
Add Pin To Net: Unknown Pin: Pin PS-3
Add Pin To Net: Unknown Pin: Pin PS-4
Added Pin To Net: NetName=GND Pin=R?-2
Change Net Name : Old Net Name=LIPO New Net Name=VBAT
Change Net Name : Old Net Name=NetD?_2 New Net Name=NetC?_1
Added Pin To Net: NetName=GND_ADC Pin=R?-1
Added Pin To Net: NetName=GND_ADC Pin=R?-1
Added Net: Name=GND_ADC
Add Net: Net with name "NetC?_2" already exists
Add Net: Net with name "NetL?_2" already exists
Add Net: Net with name "NetL?_2" already exists
Added Pin To Net: NetName=NetLED?_2 Pin=LED?-2
Added Pin To Net: NetName=NetLED?_2 Pin=R?-1
Added Net: Name=NetLED?_2
Add Net: Net with name "NetLED?_2" already exists
Add Net: Net with name "NetR?_2" already exists
Add Net: Net with name "NetR?_2" already exists
Add Net: Net with name "NetR?_2" already exists
Add Net: Net with name "NetU?_1" already exists
Added Pin To Net: NetName=PIN_ADC_ESP Pin=R?-1
Added Pin To Net: NetName=PIN_ADC_ESP Pin=R?-2
Added Pin To Net: NetName=PIN_ADC_ESP Pin=U-7
Added Net: Name=PIN_ADC_ESP
Added Pin To Net: NetName=VBAT_ADC Pin=R?-1
Added Pin To Net: NetName=VBAT_ADC Pin=R?-2
Added Net: Name=VBAT_ADC
Added Pin To Net: NetName=VDD5V Pin=C?-1
Added Pin To Net: NetName=VDD5V Pin=D?-2
Added Pin To Net: NetName=VDD5V Pin=R?-2
Added Pin To Net: NetName=VDD5V Pin=U2-3
Added Net: Name=VDD5V
Added Member To Class: ClassName=final_sch Member=Component BT? 18650
Added Member To Class: ClassName=final_sch Member=Component C? 10uF
Added Member To Class: ClassName=final_sch Member=Component C? 100nF
Added Member To Class: ClassName=final_sch Member=Component C? 106
Added Member To Class: ClassName=final_sch Member=Component C? capacitor fillter
Added Member To Class: ClassName=final_sch Member=Component C? 220uF
Added Member To Class: ClassName=final_sch Member=Component C? 106
Added Member To Class: ClassName=final_sch Member=Component C? 104
Added Member To Class: ClassName=final_sch Member=Component C? 10uF
Added Member To Class: ClassName=final_sch Member=Component J? AC-IN
Added Member To Class: ClassName=final_sch Member=Component L? L
Added Member To Class: ClassName=final_sch Member=Component L? LED 0805
Added Member To Class: ClassName=final_sch Member=Component LED? LED
Added Member To Class: ClassName=final_sch Member=Component LED? LED
Add Class Member: Failed to add class member : Component PS Nguon Hi-Link HLK-5M05
Added Member To Class: ClassName=final_sch Member=Component R? 1k
Added Member To Class: ClassName=final_sch Member=Component R? 0R
Added Member To Class: ClassName=final_sch Member=Component R? 1k
Added Member To Class: ClassName=final_sch Member=Component R? 10k
Added Member To Class: ClassName=final_sch Member=Component R? 100R
Added Member To Class: ClassName=final_sch Member=Component R? 0.4R
Added Member To Class: ClassName=final_sch Member=Component R? 1k
Added Member To Class: ClassName=final_sch Member=Component R? 1k
Added Member To Class: ClassName=final_sch Member=Component R? 1.2K
Added Member To Class: ClassName=final_sch Member=Component R? 1k
Added Member To Class: ClassName=final_sch Member=Component R? 1k
Added Member To Class: ClassName=final_sch Member=Component U? FS8205A
Added Member To Class: ClassName=final_sch Member=Component U? DW01A
Added Member To Class: ClassName=final_sch Member=Component U? TP4056
