Change Component Designator: OldDesignator=C? NewDesignator=C1
Change Component Designator: OldDesignator=C? NewDesignator=C2
Change Component Designator: OldDesignator=C? NewDesignator=C3
Change Component Designator: OldDesignator=C? NewDesignator=C4
Change Component Designator: OldDesignator=C? NewDesignator=C5
Change Component Designator: OldDesignator=C? NewDesignator=C6
Change Component Designator: OldDesignator=C? NewDesignator=C7
Change Component Designator: OldDesignator=C? NewDesignator=C8
Change Component Designator: OldDesignator=C? NewDesignator=C9
Change Component Designator: OldDesignator=C? NewDesignator=C10
Change Component Designator: OldDesignator=C? NewDesignator=C11
Change Component Designator: OldDesignator=C? NewDesignator=C12
Change Component Designator: OldDesignator=R? NewDesignator=R1
Change Component Designator: OldDesignator=SW? NewDesignator=SW1
Change Component Designator: OldDesignator=SW? NewDesignator=SW2
Change Component Designator: OldDesignator=U? NewDesignator=U1
Change Component Designator: OldDesignator=USB? NewDesignator=USB1
Change Net Name : Old Net Name=NetC?_1 New Net Name=NetC11_1
Added Pin To Net: NetName=NetC3_1 Pin=C3-1
Added Pin To Net: NetName=NetC3_1 Pin=R1-1
Added Net: Name=NetC3_1
Added Pin To Net: NetName=NetC10_1 Pin=C10-1
Added Pin To Net: NetName=NetC10_1 Pin=SW2-2
Added Net: Name=NetC10_1
Added Member To Class: ClassName=final_sch Member=Component C1 104
Added Member To Class: ClassName=final_sch Member=Component C2 224
Added Member To Class: ClassName=final_sch Member=Component C3 104
Added Member To Class: ClassName=final_sch Member=Component C5 10uf
Added Member To Class: ClassName=final_sch Member=Component C6 104
Added Member To Class: ClassName=final_sch Member=Component C7 224
Added Member To Class: ClassName=final_sch Member=Component C8 106
Added Member To Class: ClassName=final_sch Member=Component C9 22uF
Added Member To Class: ClassName=final_sch Member=Component C10 104
Added Member To Class: ClassName=final_sch Member=Component C11 104
Added Member To Class: ClassName=final_sch Member=Component C12 104
Added Member To Class: ClassName=final_sch Member=Component SW2 SW
