Added Component: Designator=C?(tu 0805)
Add component (AddParameter): Name = "Chung_Loai"; Value = "Dán"; VariantName = "[No Variations]"
Add component (AddParameter): Name = "Don_Vi"; Value = "Con"; VariantName = "[No Variations]"
Add component (AddParameter): Name = "Kieu_Chan"; Value = ""; VariantName = "[No Variations]"
Add component (AddParameter): Name = "Ma_Hang"; Value = "MH004551"; VariantName = "[No Variations]"
Add component (AddParameter): Name = "So_Chan"; Value = "2"; VariantName = "[No Variations]"
Add component (AddParameter): Name = "Ten_Linh_Kien"; Value = "T? 0805 104-100nF 10% 50V"; VariantName = "[No Variations]"
Added Pin To Net: NetName=3V3 Pin=C?-1
Added Pin To Net: NetName=GND Pin=C?-2
Added Pin To Net: NetName=3V3 Pin=U?-4
Added Pin To Net: NetName=3V3 Pin=U?-16
Added Pin To Net: NetName=GND Pin=USB?-5
Added Pin To Net: NetName=GND Pin=USB?-5
Added Pin To Net: NetName=GND Pin=USB?-5
Added Pin To Net: NetName=GND Pin=USB?-5
Added Pin To Net: NetName=GND Pin=USB?-5
Added Pin To Net: NetName=GND Pin=USB?-5
Added Pin To Net: NetName=GND Pin=USB?-5
Add Net: Net with name "NetC?_1" already exists
Add Net: Net with name "NetC?_1" already exists
Added Member To Class: ClassName=final_sch Member=Component C? 224
Added Member To Class: ClassName=final_sch Member=Component C? 104
Added Member To Class: ClassName=final_sch Member=Component C? 22uF
Added Member To Class: ClassName=final_sch Member=Component C? 104
Added Member To Class: ClassName=final_sch Member=Component C? 10uf
Added Member To Class: ClassName=final_sch Member=Component C? 104
Added Member To Class: ClassName=final_sch Member=Component C? 104
Added Member To Class: ClassName=final_sch Member=Component C? 104
Added Member To Class: ClassName=final_sch Member=Component C? 106
Added Member To Class: ClassName=final_sch Member=Component C? 104
Added Member To Class: ClassName=final_sch Member=Component C? 224
Added Member To Class: ClassName=final_sch Member=Component SW? SW
