Removed Pin From Net: NetName=AC_IN2 Pin=C?-1
Removed Member From Class: ClassName=final_sch Member=LCD?
Change Component Footprint: Designator=J? Old Footprint=KF2-5.08 New Footprint=KF3-5.08
Change Footprint: Footprint Not Found L fiter
Change Component Comment : Designator=J? Old Comment=AC-IN New Comment=KF3
Change component parameters: Designator = "J?" ("J?"); Footprint = "KF2-5.08"; UniqueID = "\TLLLMYAQ" ("\TLLLMYAQ")
Change component parameters (AddParameter): Name = "ComponentLink1 Description"; Value = "Manufacturer"; VariantName = "[No Variations]"
Change component parameters (AddParameter): Name = "ComponentLink1URL"; Value = "http://www.we-online.com"; VariantName = "[No Variations]"
Change component parameters (AddParameter): Name = "ComponentLink2 Description"; Value = "Datasheet"; VariantName = "[No Variations]"
Change component parameters (AddParameter): Name = "ComponentLink2URL"; Value = "http://katalog.we-online.de/em/datasheet/6911031100xx.pdf"; VariantName = "[No Variations]"
Change component parameters (AddParameter): Name = "Created by"; Value = "Karrer Zheng"; VariantName = "[No Variations]"
Change component parameters (AddParameter): Name = "Created Date"; Value = "29 October 2013"; VariantName = "[No Variations]"
Change component parameters (AddParameter): Name = "Manufacturer"; Value = "Würth Elektronik eiSos GmbH"; VariantName = "[No Variations]"
Change component parameters (AddParameter): Name = "NoPins"; Value = "3"; VariantName = "[No Variations]"
Change component parameters (AddParameter): Name = "partNo"; Value = "691103110003"; VariantName = "[No Variations]"
Added Component: Designator=B?(SOIC127P600X165-9N)
Add component (AddParameter): Name = "Arrow Part Number"; Value = ""; VariantName = "[No Variations]"
Add component (AddParameter): Name = "Arrow Price/Stock"; Value = ""; VariantName = "[No Variations]"
Add component (AddParameter): Name = "Datasheet Link"; Value = "https://datasheetspdf.com/pdf-file/1139129/Injoinic/IP5306/1"; VariantName = "[No Variations]"
Add component (AddParameter): Name = "Geometry.Height"; Value = "1.65mm"; VariantName = "[No Variations]"
Add component (AddParameter): Name = "Manufacturer_Name"; Value = "INJOINIC"; VariantName = "[No Variations]"
Add component (AddParameter): Name = "Manufacturer_Part_Number"; Value = "IP5306"; VariantName = "[No Variations]"
Add component (AddParameter): Name = "Mouser Part Number"; Value = ""; VariantName = "[No Variations]"
Add component (AddParameter): Name = "Mouser Price/Stock"; Value = ""; VariantName = "[No Variations]"
Added Component: Designator=C?(tu 0805)
Add component (AddParameter): Name = "Chung_Loai"; Value = "Dán"; VariantName = "[No Variations]"
Add component (AddParameter): Name = "Don_Vi"; Value = "Con"; VariantName = "[No Variations]"
Add component (AddParameter): Name = "Kieu_Chan"; Value = ""; VariantName = "[No Variations]"
Add component (AddParameter): Name = "Ma_Hang"; Value = "MH004551"; VariantName = "[No Variations]"
Add component (AddParameter): Name = "So_Chan"; Value = "2"; VariantName = "[No Variations]"
Add component (AddParameter): Name = "Ten_Linh_Kien"; Value = "T? 0805 104-100nF 10% 50V"; VariantName = "[No Variations]"
Add Component: Footprint Not Found CAPRR1000W60L1300T600H1200
Added Component: Designator=JP?(JP 1x4 CT)
Add component (AddParameter): Name = "Chung_Loai"; Value = "C?m"; VariantName = "[No Variations]"
Add component (AddParameter): Name = "Don_Vi"; Value = "Con"; VariantName = "[No Variations]"
Add component (AddParameter): Name = "Ghi_Chu"; Value = ""; VariantName = "[No Variations]"
Add component (AddParameter): Name = "Kieu_Chan"; Value = ""; VariantName = "[No Variations]"
Add component (AddParameter): Name = "Ma_Hang"; Value = "MH004006"; VariantName = "[No Variations]"
Add component (AddParameter): Name = "Ten_Linh_Kien"; Value = "Jump Ðon Cái 2.54MM 1x20P Th?ng"; VariantName = "[No Variations]"
Added Component: Designator=JP?(JP 1x10 CT)
Add component (AddParameter): Name = "Chung_Loai"; Value = "C?m"; VariantName = "[No Variations]"
Add component (AddParameter): Name = "Don_Vi"; Value = "Con"; VariantName = "[No Variations]"
Add component (AddParameter): Name = "Ghi_Chu"; Value = ""; VariantName = "[No Variations]"
Add component (AddParameter): Name = "Kieu_Chan"; Value = ""; VariantName = "[No Variations]"
Add component (AddParameter): Name = "Ma_Hang"; Value = "MH004006"; VariantName = "[No Variations]"
Add component (AddParameter): Name = "Ten_Linh_Kien"; Value = "Jump Ðon Cái 2.54MM 1x20P Th?ng"; VariantName = "[No Variations]"
Add Component: Footprint Not Found Nguon HI-LINK 5M05
Added Component: Designator=R?(tro smd 0805)
Add component (AddParameter): Name = "Chung_Loai"; Value = "Dán"; VariantName = "[No Variations]"
Add component (AddParameter): Name = "Don_Vi"; Value = "Con"; VariantName = "[No Variations]"
Add component (AddParameter): Name = "Kieu_Chan"; Value = ""; VariantName = "[No Variations]"
Add component (AddParameter): Name = "Ma_Hang"; Value = "MH005239"; VariantName = "[No Variations]"
Add component (AddParameter): Name = "So_Chan"; Value = "2"; VariantName = "[No Variations]"
Add component (AddParameter): Name = "Ten_Linh_Kien"; Value = "Tr? 0805 5% 10k"; VariantName = "[No Variations]"
Added Pin To Net: NetName=AC_IN2 Pin=C?-1
Added Pin To Net: NetName=IO0 Pin=C?-1
Added Pin To Net: NetName=NetC?_1 Pin=C?-1
Added Pin To Net: NetName=GND Pin=C?-2
Added Pin To Net: NetName=VDD5V Pin=J?-1
Added Pin To Net: NetName=GND Pin=J?-3
Added Pin To Net: NetName=3V3 Pin=JP?-1
Added Pin To Net: NetName=3V3 Pin=JP?-3
Added Pin To Net: NetName=GND Pin=JP?-4
Added Pin To Net: NetName=GND Pin=JP?-9
Added Pin To Net: NetName=GND Pin=JP?-10
Add Pin To Net: Unknown Pin: Pin L?-3
Add Pin To Net: Unknown Pin: Pin L?-4
Add Pin To Net: Unknown Pin: Pin PS-1
Add Pin To Net: Unknown Pin: Pin PS-2
Add Pin To Net: Unknown Pin: Pin PS-3
Add Pin To Net: Unknown Pin: Pin PS-4
Added Pin To Net: NetName=IO0 Pin=R?-1
Added Pin To Net: NetName=3V3 Pin=R?-2
Add Net: Net with name "NetC?_2" already exists
Add Net: Net with name "NetL?_2" already exists
Add Net: Net with name "NetL?_2" already exists
Add Net: Net with name "NetLED?_2" already exists
Add Net: Net with name "NetR?_2" already exists
Add Net: Net with name "NetR?_2" already exists
Add Net: Net with name "NetR?_2" already exists
Add Net: Net with name "NetR?_2" already exists
Add Net: Net with name "NetU?_1" already exists
Added Pin To Net: NetName=SCL Pin=JP?-2
Added Pin To Net: NetName=SCL Pin=U-36
Added Net: Name=SCL
Added Pin To Net: NetName=SDA Pin=JP?-1
Added Pin To Net: NetName=SDA Pin=U-33
Added Net: Name=SDA
Added Pin To Net: NetName=sensor Pin=J?-2
Added Pin To Net: NetName=sensor Pin=U-37
Added Net: Name=sensor
Added Member To Class: ClassName=final_sch Member=Component B? IP5306
Added Member To Class: ClassName=final_sch Member=Component C? 104
Added Member To Class: ClassName=final_sch Member=Component C? capacitor fillter
Added Member To Class: ClassName=final_sch Member=Component C? 104
Added Member To Class: ClassName=final_sch Member=Component C? 10uF
Added Member To Class: ClassName=final_sch Member=Component C? 106
Added Member To Class: ClassName=final_sch Member=Component C? 106
Added Member To Class: ClassName=final_sch Member=Component C? 220uF
Added Member To Class: ClassName=final_sch Member=Component C? 10uF
Added Member To Class: ClassName=final_sch Member=Component C? 100nF
Added Member To Class: ClassName=final_sch Member=Component J? KF2
Added Member To Class: ClassName=final_sch Member=Component JP? JP 1x4 2.54
Added Member To Class: ClassName=final_sch Member=Component JP? JP 1x10 2.54
Added Member To Class: ClassName=final_sch Member=Component L? LED 0805
Added Member To Class: ClassName=final_sch Member=Component L? L
Added Member To Class: ClassName=final_sch Member=Component LED? LED
Add Class Member: Failed to add class member : Component PS Nguon Hi-Link HLK-5M05
Added Member To Class: ClassName=final_sch Member=Component R? 0R
Added Member To Class: ClassName=final_sch Member=Component R? 1.2K
Added Member To Class: ClassName=final_sch Member=Component R? 1k
Added Member To Class: ClassName=final_sch Member=Component R? 10k
Added Member To Class: ClassName=final_sch Member=Component R? 0R
Added Member To Class: ClassName=final_sch Member=Component R? 1k
Added Member To Class: ClassName=final_sch Member=Component R? 1k
Added Member To Class: ClassName=final_sch Member=Component R? 10k
Added Member To Class: ClassName=final_sch Member=Component R? 1k
Added Member To Class: ClassName=final_sch Member=Component R? 0.4R
Added Member To Class: ClassName=final_sch Member=Component R? 10k
Added Member To Class: ClassName=final_sch Member=Component R? 100R
Added Member To Class: ClassName=final_sch Member=Component R? 1k
Added Member To Class: ClassName=final_sch Member=Component R? 1k
Added Member To Class: ClassName=final_sch Member=Component U? TP4056
Added Member To Class: ClassName=final_sch Member=Component U? DW01A
