Removed Pin From Net: NetName=GND Pin=U-1
Removed Pin From Net: NetName=GND Pin=U-38
Removed Pin From Net: NetName=GND Pin=U-39_1
Removed Pin From Net: NetName=GND Pin=U-39_2
Removed Pin From Net: NetName=GND Pin=U-39_3
Removed Pin From Net: NetName=GND Pin=U-39_4
Removed Pin From Net: NetName=GND Pin=U-39_5
Removed Pin From Net: NetName=GND Pin=U-39_6
Removed Pin From Net: NetName=GND Pin=U-39_7
Removed Pin From Net: NetName=GND Pin=U-39_8
Removed Pin From Net: NetName=GND Pin=U-39_9
Removed Pin From Net: NetName=GND Pin=U-39_10
Removed Pin From Net: NetName=GND Pin=U-39_11
Removed Pin From Net: NetName=GND Pin=U-39_12
Removed Pin From Net: NetName=GND Pin=U-39_13
Removed Pin From Net: NetName=GND Pin=U-39_14
Removed Pin From Net: NetName=GND Pin=U-39_15
Removed Pin From Net: NetName=GND Pin=U-39_16
Removed Pin From Net: NetName=GND Pin=U-39_17
Removed Pin From Net: NetName=GND Pin=U-39_18
Removed Pin From Net: NetName=GND Pin=U-39_19
Removed Pin From Net: NetName=GND Pin=U-39_20
Removed Pin From Net: NetName=GND Pin=U-39_21
Added Pin To Net: NetName=NetU_1 Pin=U-1
Added Pin To Net: NetName=NetU_1 Pin=U-38
Added Pin To Net: NetName=NetU_1 Pin=U-39_1
Added Pin To Net: NetName=NetU_1 Pin=U-39_2
Added Pin To Net: NetName=NetU_1 Pin=U-39_3
Added Pin To Net: NetName=NetU_1 Pin=U-39_4
Added Pin To Net: NetName=NetU_1 Pin=U-39_5
Added Pin To Net: NetName=NetU_1 Pin=U-39_6
Added Pin To Net: NetName=NetU_1 Pin=U-39_7
Added Pin To Net: NetName=NetU_1 Pin=U-39_8
Added Pin To Net: NetName=NetU_1 Pin=U-39_9
Added Pin To Net: NetName=NetU_1 Pin=U-39_10
Added Pin To Net: NetName=NetU_1 Pin=U-39_11
Added Pin To Net: NetName=NetU_1 Pin=U-39_12
Added Pin To Net: NetName=NetU_1 Pin=U-39_13
Added Pin To Net: NetName=NetU_1 Pin=U-39_14
Added Pin To Net: NetName=NetU_1 Pin=U-39_15
Added Pin To Net: NetName=NetU_1 Pin=U-39_16
Added Pin To Net: NetName=NetU_1 Pin=U-39_17
Added Pin To Net: NetName=NetU_1 Pin=U-39_18
Added Pin To Net: NetName=NetU_1 Pin=U-39_19
Added Pin To Net: NetName=NetU_1 Pin=U-39_20
Added Pin To Net: NetName=NetU_1 Pin=U-39_21
Added Net: Name=NetU_1
