Change Net Name : Old Net Name=NetC11_1 New Net Name=IO0
Added Pin To Net: NetName=D+ Pin=U1-5
Added Pin To Net: NetName=D+ Pin=USB1-3
Added Net: Name=D+
Added Pin To Net: NetName=D- Pin=U1-6
Added Pin To Net: NetName=D- Pin=USB1-2
Added Net: Name=D-
Added Pin To Net: NetName=EN Pin=C3-1
Added Pin To Net: NetName=EN Pin=C10-1
Added Pin To Net: NetName=EN Pin=R1-1
Added Pin To Net: NetName=EN Pin=SW2-2
Added Pin To Net: NetName=EN Pin=U-3
Added Net: Name=EN
Added Pin To Net: NetName=IO1 Pin=U-25
Added Net: Name=IO1
Added Pin To Net: NetName=RXD_ESP Pin=U-34
Added Pin To Net: NetName=RXD_ESP Pin=U1-2
Added Net: Name=RXD_ESP
Added Pin To Net: NetName=TXD_ESP Pin=U-35
Added Pin To Net: NetName=TXD_ESP Pin=U1-3
Added Net: Name=TXD_ESP
